2021-02-24T03:15:38+00:00 CRITICAL Uncaught Error: Call to undefined function porto_the_content() in /home1/redcapital/eplaza.ec/wp-content/plugins/porto-functionality/shortcodes/templates/porto_block.php:498
Stack trace:
#0 /home1/redcapital/eplaza.ec/wp-content/plugins/porto-functionality/shortcodes/shortcodes/porto_block.php(15): include()
#1 /home1/redcapital/eplaza.ec/wp-includes/shortcodes.php(343): porto_shortcode_block(Array, '', 'porto_block')
#2 [internal function]: do_shortcode_tag(Array)
#3 /home1/redcapital/eplaza.ec/wp-includes/shortcodes.php(218): preg_replace_callback('/\\[(\\[?)(porto_...', 'do_shortcode_ta...', '[porto_block na...')
#4 /home1/redcapital/eplaza.ec/wp-content/plugins/porto-functionality/widgets/block.php(32): do_shortcode('[porto_block na...')
#5 /home1/redcapital/eplaza.ec/wp-includes/class-wp-widget.php(380): Porto_Block_Widget->widget(Array, Array)
#6 /home1/redcapital/eplaza.ec/wp-includes/widgets.php(823): WP_Widget->display_callback(Array, Array)
#7 /home1/redcapital/eplaza.ec/wp-content/themes/twentynine en /home1/redcapital/eplaza.ec/wp-content/plugins/porto-functionality/shortcodes/templates/porto_block.php en la línea 498

2021-02-24T03:16:05+00:00 CRITICAL Uncaught Error: Call to undefined function porto_the_content() in /home1/redcapital/eplaza.ec/wp-content/plugins/porto-functionality/shortcodes/templates/porto_block.php:498
Stack trace:
#0 /home1/redcapital/eplaza.ec/wp-content/plugins/porto-functionality/shortcodes/shortcodes/porto_block.php(15): include()
#1 /home1/redcapital/eplaza.ec/wp-includes/shortcodes.php(343): porto_shortcode_block(Array, '', 'porto_block')
#2 [internal function]: do_shortcode_tag(Array)
#3 /home1/redcapital/eplaza.ec/wp-includes/shortcodes.php(218): preg_replace_callback('/\\[(\\[?)(porto_...', 'do_shortcode_ta...', '[porto_block na...')
#4 /home1/redcapital/eplaza.ec/wp-content/plugins/porto-functionality/widgets/block.php(32): do_shortcode('[porto_block na...')
#5 /home1/redcapital/eplaza.ec/wp-includes/class-wp-widget.php(380): Porto_Block_Widget->widget(Array, Array)
#6 /home1/redcapital/eplaza.ec/wp-includes/widgets.php(823): WP_Widget->display_callback(Array, Array)
#7 /home1/redcapital/eplaza.ec/wp-content/themes/twentynine en /home1/redcapital/eplaza.ec/wp-content/plugins/porto-functionality/shortcodes/templates/porto_block.php en la línea 498

2021-02-24T03:16:19+00:00 CRITICAL Uncaught Error: Call to undefined function porto_the_content() in /home1/redcapital/eplaza.ec/wp-content/plugins/porto-functionality/shortcodes/templates/porto_block.php:498
Stack trace:
#0 /home1/redcapital/eplaza.ec/wp-content/plugins/porto-functionality/shortcodes/shortcodes/porto_block.php(15): include()
#1 /home1/redcapital/eplaza.ec/wp-includes/shortcodes.php(343): porto_shortcode_block(Array, '', 'porto_block')
#2 [internal function]: do_shortcode_tag(Array)
#3 /home1/redcapital/eplaza.ec/wp-includes/shortcodes.php(218): preg_replace_callback('/\\[(\\[?)(porto_...', 'do_shortcode_ta...', '[porto_block na...')
#4 /home1/redcapital/eplaza.ec/wp-content/plugins/porto-functionality/widgets/block.php(32): do_shortcode('[porto_block na...')
#5 /home1/redcapital/eplaza.ec/wp-includes/class-wp-widget.php(380): Porto_Block_Widget->widget(Array, Array)
#6 /home1/redcapital/eplaza.ec/wp-includes/widgets.php(823): WP_Widget->display_callback(Array, Array)
#7 /home1/redcapital/eplaza.ec/wp-content/themes/twentynine en /home1/redcapital/eplaza.ec/wp-content/plugins/porto-functionality/shortcodes/templates/porto_block.php en la línea 498

2021-02-24T03:19:08+00:00 CRITICAL Uncaught Error: Call to undefined function porto_the_content() in /home1/redcapital/eplaza.ec/wp-content/plugins/porto-functionality/shortcodes/templates/porto_block.php:498
Stack trace:
#0 /home1/redcapital/eplaza.ec/wp-content/plugins/porto-functionality/shortcodes/shortcodes/porto_block.php(15): include()
#1 /home1/redcapital/eplaza.ec/wp-includes/shortcodes.php(343): porto_shortcode_block(Array, '', 'porto_block')
#2 [internal function]: do_shortcode_tag(Array)
#3 /home1/redcapital/eplaza.ec/wp-includes/shortcodes.php(218): preg_replace_callback('/\\[(\\[?)(porto_...', 'do_shortcode_ta...', '[porto_block na...')
#4 /home1/redcapital/eplaza.ec/wp-content/plugins/porto-functionality/widgets/block.php(32): do_shortcode('[porto_block na...')
#5 /home1/redcapital/eplaza.ec/wp-includes/class-wp-widget.php(380): Porto_Block_Widget->widget(Array, Array)
#6 /home1/redcapital/eplaza.ec/wp-includes/widgets.php(823): WP_Widget->display_callback(Array, Array)
#7 /home1/redcapital/eplaza.ec/wp-content/themes/shopay/sid en /home1/redcapital/eplaza.ec/wp-content/plugins/porto-functionality/shortcodes/templates/porto_block.php en la línea 498

2021-02-24T03:19:55+00:00 CRITICAL Uncaught Error: Call to undefined function porto_the_content() in /home1/redcapital/eplaza.ec/wp-content/plugins/porto-functionality/shortcodes/templates/porto_block.php:498
Stack trace:
#0 /home1/redcapital/eplaza.ec/wp-content/plugins/porto-functionality/shortcodes/shortcodes/porto_block.php(15): include()
#1 /home1/redcapital/eplaza.ec/wp-includes/shortcodes.php(343): porto_shortcode_block(Array, '', 'porto_block')
#2 [internal function]: do_shortcode_tag(Array)
#3 /home1/redcapital/eplaza.ec/wp-includes/shortcodes.php(218): preg_replace_callback('/\\[(\\[?)(porto_...', 'do_shortcode_ta...', '[porto_block na...')
#4 /home1/redcapital/eplaza.ec/wp-content/plugins/porto-functionality/widgets/block.php(32): do_shortcode('[porto_block na...')
#5 /home1/redcapital/eplaza.ec/wp-includes/class-wp-widget.php(380): Porto_Block_Widget->widget(Array, Array)
#6 /home1/redcapital/eplaza.ec/wp-includes/widgets.php(823): WP_Widget->display_callback(Array, Array)
#7 /home1/redcapital/eplaza.ec/wp-content/themes/shopay/sid en /home1/redcapital/eplaza.ec/wp-content/plugins/porto-functionality/shortcodes/templates/porto_block.php en la línea 498

2021-02-24T03:20:25+00:00 CRITICAL Uncaught Error: Call to undefined function porto_the_content() in /home1/redcapital/eplaza.ec/wp-content/plugins/porto-functionality/shortcodes/templates/porto_block.php:498
Stack trace:
#0 /home1/redcapital/eplaza.ec/wp-content/plugins/porto-functionality/shortcodes/shortcodes/porto_block.php(15): include()
#1 /home1/redcapital/eplaza.ec/wp-includes/shortcodes.php(343): porto_shortcode_block(Array, '', 'porto_block')
#2 [internal function]: do_shortcode_tag(Array)
#3 /home1/redcapital/eplaza.ec/wp-includes/shortcodes.php(218): preg_replace_callback('/\\[(\\[?)(porto_...', 'do_shortcode_ta...', '[porto_block na...')
#4 /home1/redcapital/eplaza.ec/wp-content/plugins/porto-functionality/widgets/block.php(32): do_shortcode('[porto_block na...')
#5 /home1/redcapital/eplaza.ec/wp-includes/class-wp-widget.php(380): Porto_Block_Widget->widget(Array, Array)
#6 /home1/redcapital/eplaza.ec/wp-includes/widgets.php(823): WP_Widget->display_callback(Array, Array)
#7 /home1/redcapital/eplaza.ec/wp-content/themes/shopay/sid en /home1/redcapital/eplaza.ec/wp-content/plugins/porto-functionality/shortcodes/templates/porto_block.php en la línea 498

2021-02-24T03:20:58+00:00 CRITICAL Uncaught Error: Call to undefined function porto_the_content() in /home1/redcapital/eplaza.ec/wp-content/plugins/porto-functionality/shortcodes/templates/porto_block.php:498
Stack trace:
#0 /home1/redcapital/eplaza.ec/wp-content/plugins/porto-functionality/shortcodes/shortcodes/porto_block.php(15): include()
#1 /home1/redcapital/eplaza.ec/wp-includes/shortcodes.php(343): porto_shortcode_block(Array, '', 'porto_block')
#2 [internal function]: do_shortcode_tag(Array)
#3 /home1/redcapital/eplaza.ec/wp-includes/shortcodes.php(218): preg_replace_callback('/\\[(\\[?)(porto_...', 'do_shortcode_ta...', '[porto_block na...')
#4 /home1/redcapital/eplaza.ec/wp-content/plugins/porto-functionality/widgets/block.php(32): do_shortcode('[porto_block na...')
#5 /home1/redcapital/eplaza.ec/wp-includes/class-wp-widget.php(380): Porto_Block_Widget->widget(Array, Array)
#6 /home1/redcapital/eplaza.ec/wp-includes/widgets.php(823): WP_Widget->display_callback(Array, Array)
#7 /home1/redcapital/eplaza.ec/wp-content/themes/shopay/sid en /home1/redcapital/eplaza.ec/wp-content/plugins/porto-functionality/shortcodes/templates/porto_block.php en la línea 498

